<?xml version="1.0" encoding="UTF-8"?>
<!-- Generated by org.testng.reporters.JUnitXMLReporter -->
<testsuite ignored="4" hostname="peregrine-it" failures="0" tests="2" name="Surefire test" time="46.353" errors="0" timestamp="2025-12-10T13:51:40 IST">
  <testcase classname="attendanceTests.LoginTests" name="verifyAccessControlMenuVisibleAfterLogin" time="0.026"/>
  <testcase classname="attendanceTests.AccessControlTests" name="testAccessGrantedRecordsRetrieval" time="46.312"/>
  <testcase classname="baseTestFile.BaseTests" name="@BeforeSuite globalSetUp" time="0.0">
    <ignored/>
  </testcase> <!-- @BeforeSuite globalSetUp -->
  <testcase classname="baseTestFile.BaseTests" name="@BeforeSuite globalSetUp" time="0.0">
    <ignored/>
  </testcase> <!-- @BeforeSuite globalSetUp -->
  <testcase classname="baseTestFile.BaseTests" name="@AfterSuite globalTearDown" time="0.0">
    <ignored/>
  </testcase> <!-- @AfterSuite globalTearDown -->
  <testcase classname="baseTestFile.BaseTests" name="@AfterSuite globalTearDown" time="0.0">
    <ignored/>
  </testcase> <!-- @AfterSuite globalTearDown -->
</testsuite> <!-- Surefire test -->
