<?xml version="1.0" encoding="UTF-8"?>
<testsuite xmlns:xsi="http://www.w3.org/2001/XMLSchema-instance" xsi:noNamespaceSchemaLocation="https://maven.apache.org/surefire/maven-surefire-plugin/xsd/surefire-test-report.xsd" name="TestSuite" time="54.598" tests="2" errors="0" skipped="0" failures="0">
  <properties>
[...]
</properties>
  <testcase name="verifyAccessControlMenuVisibleAfterLogin" classname="attendanceTests.LoginTests" time="0.026"/>
  <testcase name="testAccessGrantedRecordsRetrieval" classname="attendanceTests.AccessControlTests" time="46.313"/>
</testsuite>